id	priority	createdTime	startedTime	terminatedTime	cpuTime	blockedTime	turnaroundTime	waitingTime	responseTime
13	0	88	147	258	7	0	170	163	59
10	0	65	107	340	24	0	275	251	42
12	0	82	126	429	14	0	347	333	44
30	0	182	292	572	13	0	390	377	110
61	0	349	762	766	4	0	417	413	413
20	0	125	210	916	8	0	791	783	85
66	0	383	916	918	2	0	535	533	533
74	0	431	1190	1194	4	0	763	759	759
11	0	74	119	1232	30	47	1158	1081	92
76	0	441	1292	1296	4	0	855	851	851
84	0	520	1536	1547	11	0	1027	1016	1016
86	0	528	1607	1613	6	0	1085	1079	1079
51	0	291	532	1727	24	0	1436	1412	241
5	0	47	50	1816	27	0	1769	1742	3
15	0	90	169	1869	19	10	1779	1750	89
47	0	263	485	2339	12	13	2076	2051	235
52	0	298	562	2373	28	8	2075	2039	272
56	0	320	604	2437	19	36	2117	2062	320
100	0	614	2095	2502	12	266	1888	1610	1747
90	0	561	1755	2530	20	174	1969	1775	1368
62	1	356	786	2749	39	0	2393	2354	430
21	1	126	218	2900	41	0	2774	2733	92
39	1	227	401	2925	40	0	2698	2658	174
7	1	50	74	3072	54	0	3022	2968	24
3	1	15	35	3204	64	0	3189	3125	20
27	1	169	278	3289	49	0	3120	3071	109
95	1	593	1942	3421	25	0	2828	2803	1349
96	1	595	1982	3451	30	0	2856	2826	1387
79	1	481	1396	3632	40	14	3151	3097	929
92	1	579	1856	3671	39	0	3092	3053	1277
46	1	261	481	3722	48	77	3461	3336	297
38	1	224	387	3873	35	112	3649	3502	275
69	1	404	1001	3894	33	105	3490	3352	702
49	1	281	520	3966	52	21	3685	3612	260
89	1	555	1727	4036	36	0	3481	3445	1172
58	1	331	650	4153	68	14	3822	3740	333
67	1	399	938	4165	39	7	3766	3720	546
57	1	325	614	4197	59	118	3872	3695	407
82	1	490	1498	4204	39	0	3714	3675	1008
14	2	89	157	4792	84	0	4703	4619	68
9	2	58	90	4891	70	0	4833	4763	32
36	2	216	359	4922	76	46	4706	4584	189
28	2	173	283	5004	74	136	4831	4621	246
55	2	310	600	5225	78	44	4915	4793	334
70	2	413	1041	5237	71	17	4824	4736	645
35	2	210	349	5401	69	14	5191	5108	153
37	2	218	379	5429	66	16	5211	5129	177
93	2	580	1869	5492	47	18	4912	4847	1307
6	3	48	58	5824	92	0	5776	5684	10
4	3	45	47	6058	104	0	6013	5909	2
87	3	532	1673	6176	82	20	5644	5542	1161
98	3	602	2045	6197	71	0	5595	5524	1443
73	3	424	1150	6307	98	86	5883	5699	812
72	3	422	1110	6487	91	107	6065	5867	795
33	3	204	320	6563	83	0	6359	6276	116
97	3	600	2022	6668	79	61	6068	5928	1483
43	3	250	434	6742	103	176	6492	6213	360
77	3	455	1316	6771	95	21	6316	6200	882
60	3	348	722	6812	84	118	6464	6262	492
8	3	52	88	6818	96	98	6766	6572	134
64	4	378	866	6975	97	0	6597	6500	488
65	4	379	895	6982	87	0	6603	6516	516
88	4	546	1697	7146	99	3	6600	6498	1154
29	4	177	289	7164	138	62	6987	6787	174
78	4	471	1356	7187	84	0	6716	6632	885
22	4	130	227	7263	122	0	7133	7011	97
63	4	359	826	7299	133	8	6940	6799	475
59	4	332	682	7351	108	40	7019	6871	390
41	4	242	422	7505	140	16	7263	7107	196
94	4	585	1909	7554	116	0	6969	6853	1324
75	5	440	1252	7806	104	0	7366	7262	812
42	5	245	429	7856	117	0	7611	7494	184
1	5	0	0	7919	124	2	7919	7793	2
53	5	302	580	8002	132	221	7700	7347	499
44	5	253	441	8009	147	88	7756	7521	276
85	5	522	1567	8026	166	54	7504	7284	1099
45	5	258	471	8265	161	214	8007	7632	427
26	5	163	261	8274	133	75	8111	7903	173
91	5	562	1778	8302	147	187	7740	7406	1403
48	6	278	498	8442	150	51	8164	7963	271
83	6	498	1503	8767	204	59	8269	8006	1064
81	6	485	1458	8794	153	37	8309	8119	1010
68	6	401	961	8815	183	176	8414	8055	736
80	6	482	1424	8836	143	50	8354	8161	992
34	6	209	331	8854	174	58	8645	8413	180
19	6	119	209	8877	176	349	8758	8233	439
16	7	102	177	8948	176	0	8846	8670	75
50	7	286	528	9157	180	74	8871	8617	316
23	7	147	242	9187	174	139	9040	8727	234
71	8	421	1070	9230	220	122	8809	8467	771
99	8	613	2085	9247	182	0	8634	8452	1472
54	8	303	593	9352	215	239	9049	8595	529
40	8	237	413	9378	200	0	9141	8941	176
31	8	187	299	9397	270	82	9210	8858	194
24	9	149	250	9502	264	139	9353	8950	240
32	9	199	303	9548	222	148	9349	8979	252
2	10	5	5	9564	309	18	9559	9232	18
17	12	107	187	9688	276	24	9581	9281	104
25	17	157	258	9909	435	20	9752	9297	121
18	18	118	199	10013	476	120	9895	9299	201
0	0	0	0	10013	45	0	10013	9968	0
